This is pdfTeX, Version 3.14159265-2.6-1.40.18 (TeX Live 2017/Debian) (preloaded format=pdflatex 2018.10.25)  24 JUN 2019 13:48
entering extended mode
 restricted \write18 enabled.
 %&-line parsing enabled.
**Solution_IO.tex
(./Solution_IO.tex
LaTeX2e <2017-04-15>
Babel <3.18> and hyphenation patterns for 3 language(s) loaded.
(/home/zero/texmf/tex/latex/physnote/classarticle/article.cls
Document Class: article 2004/02/16 v1.4f Standard LaTeX document class
(/usr/share/texlive/texmf-dist/tex/latex/base/size10.clo
File: size10.clo 2014/09/29 v1.4h Standard LaTeX file (size option)
)
\c@part=\count79
\c@section=\count80
\c@subsection=\count81
\c@subsubsection=\count82
\c@paragraph=\count83
\c@subparagraph=\count84
\c@figure=\count85
\c@table=\count86
\abovecaptionskip=\skip41
\belowcaptionskip=\skip42
\bibindent=\dimen102
)
\@input{PhysNote.aux}
\openout2 = `PhysNote.aux'.

(/home/zero/texmf/tex/latex/physnote/PhysNote.tex
(/usr/share/texlive/texmf-dist/tex/latex/base/ifthen.sty
Package: ifthen 2014/09/29 v1.1c Standard LaTeX ifthen package (DPC)
)
(/usr/share/texlive/texmf-dist/tex/latex/geometry/geometry.sty
Package: geometry 2010/09/12 v5.6 Page Geometry

(/usr/share/texlive/texmf-dist/tex/latex/graphics/keyval.sty
Package: keyval 2014/10/28 v1.15 key=value parser (DPC)
\KV@toks@=\toks14
)
(/usr/share/texlive/texmf-dist/tex/generic/oberdiek/ifpdf.sty
Package: ifpdf 2017/03/15 v3.2 Provides the ifpdf switch
)
(/usr/share/texlive/texmf-dist/tex/generic/oberdiek/ifvtex.sty
Package: ifvtex 2016/05/16 v1.6 Detect VTeX and its facilities (HO)
Package ifvtex Info: VTeX not detected.
)
(/usr/share/texlive/texmf-dist/tex/generic/ifxetex/ifxetex.sty
Package: ifxetex 2010/09/12 v0.6 Provides ifxetex conditional
)
\Gm@cnth=\count87
\Gm@cntv=\count88
\c@Gm@tempcnt=\count89
\Gm@bindingoffset=\dimen103
\Gm@wd@mp=\dimen104
\Gm@odd@mp=\dimen105
\Gm@even@mp=\dimen106
\Gm@layoutwidth=\dimen107
\Gm@layoutheight=\dimen108
\Gm@layouthoffset=\dimen109
\Gm@layoutvoffset=\dimen110
\Gm@dimlist=\toks15
)
(/usr/share/texlive/texmf-dist/tex/latex/tools/multicol.sty
Package: multicol 2017/04/11 v1.8q multicolumn formatting (FMi)
\c@tracingmulticols=\count90
\mult@box=\box26
\multicol@leftmargin=\dimen111
\c@unbalance=\count91
\c@collectmore=\count92
\doublecol@number=\count93
\multicoltolerance=\count94
\multicolpretolerance=\count95
\full@width=\dimen112
\page@free=\dimen113
\premulticols=\dimen114
\postmulticols=\dimen115
\multicolsep=\skip43
\multicolbaselineskip=\skip44
\partial@page=\box27
\last@line=\box28
\maxbalancingoverflow=\dimen116
\mult@rightbox=\box29
\mult@grightbox=\box30
\mult@gfirstbox=\box31
\mult@firstbox=\box32
\@tempa=\box33
\@tempa=\box34
\@tempa=\box35
\@tempa=\box36
\@tempa=\box37
\@tempa=\box38
\@tempa=\box39
\@tempa=\box40
\@tempa=\box41
\@tempa=\box42
\@tempa=\box43
\@tempa=\box44
\@tempa=\box45
\@tempa=\box46
\@tempa=\box47
\@tempa=\box48
\@tempa=\box49
\c@columnbadness=\count96
\c@finalcolumnbadness=\count97
\last@try=\dimen117
\multicolovershoot=\dimen118
\multicolundershoot=\dimen119
\mult@nat@firstbox=\box50
\colbreak@box=\box51
\mc@col@check@num=\count98
)
(/usr/share/texlive/texmf-dist/tex/latex/graphics/graphicx.sty
Package: graphicx 2017/06/01 v1.1a Enhanced LaTeX Graphics (DPC,SPQR)

(/usr/share/texlive/texmf-dist/tex/latex/graphics/graphics.sty
Package: graphics 2017/06/25 v1.2c Standard LaTeX Graphics (DPC,SPQR)

(/usr/share/texlive/texmf-dist/tex/latex/graphics/trig.sty
Package: trig 2016/01/03 v1.10 sin cos tan (DPC)
)
(/etc/texmf/tex/latex/config/graphics.cfg
File: graphics.cfg 2009/08/28 v1.8 graphics configuration of TeX Live
)
Package graphics Info: Driver file: pdftex.def on input line 99.

(/usr/share/texlive/texmf-dist/tex/latex/graphics-def/pdftex.def
File: pdftex.def 2018/01/08 v1.0l Graphics/color driver for pdftex
))
\Gin@req@height=\dimen120
\Gin@req@width=\dimen121
)
(/usr/share/texlive/texmf-dist/tex/latex/amsmath/amsmath.sty
Package: amsmath 2017/09/02 v2.17a AMS math features
\@mathmargin=\skip45

For additional information on amsmath, use the `?' option.
(/usr/share/texlive/texmf-dist/tex/latex/amsmath/amstext.sty
Package: amstext 2000/06/29 v2.01 AMS text

(/usr/share/texlive/texmf-dist/tex/latex/amsmath/amsgen.sty
File: amsgen.sty 1999/11/30 v2.0 generic functions
\@emptytoks=\toks16
\ex@=\dimen122
))
(/usr/share/texlive/texmf-dist/tex/latex/amsmath/amsbsy.sty
Package: amsbsy 1999/11/29 v1.2d Bold Symbols
\pmbraise@=\dimen123
)
(/usr/share/texlive/texmf-dist/tex/latex/amsmath/amsopn.sty
Package: amsopn 2016/03/08 v2.02 operator names
)
\inf@bad=\count99
LaTeX Info: Redefining \frac on input line 213.
\uproot@=\count100
\leftroot@=\count101
LaTeX Info: Redefining \overline on input line 375.
\classnum@=\count102
\DOTSCASE@=\count103
LaTeX Info: Redefining \ldots on input line 472.
LaTeX Info: Redefining \dots on input line 475.
LaTeX Info: Redefining \cdots on input line 596.
\Mathstrutbox@=\box52
\strutbox@=\box53
\big@size=\dimen124
LaTeX Font Info:    Redeclaring font encoding OML on input line 712.
LaTeX Font Info:    Redeclaring font encoding OMS on input line 713.
\macc@depth=\count104
\c@MaxMatrixCols=\count105
\dotsspace@=\muskip10
\c@parentequation=\count106
\dspbrk@lvl=\count107
\tag@help=\toks17
\row@=\count108
\column@=\count109
\maxfields@=\count110
\andhelp@=\toks18
\eqnshift@=\dimen125
\alignsep@=\dimen126
\tagshift@=\dimen127
\tagwidth@=\dimen128
\totwidth@=\dimen129
\lineht@=\dimen130
\@envbody=\toks19
\multlinegap=\skip46
\multlinetaggap=\skip47
\mathdisplay@stack=\toks20
LaTeX Info: Redefining \[ on input line 2817.
LaTeX Info: Redefining \] on input line 2818.
)
(/usr/share/texlive/texmf-dist/tex/latex/amscls/amsthm.sty
Package: amsthm 2017/10/31 v2.20.4
\thm@style=\toks21
\thm@bodyfont=\toks22
\thm@headfont=\toks23
\thm@notefont=\toks24
\thm@headpunct=\toks25
\thm@preskip=\skip48
\thm@postskip=\skip49
\thm@headsep=\skip50
\dth@everypar=\toks26
)
(/usr/share/texlive/texmf-dist/tex/latex/amsfonts/amssymb.sty
Package: amssymb 2013/01/14 v3.01 AMS font symbols

(/usr/share/texlive/texmf-dist/tex/latex/amsfonts/amsfonts.sty
Package: amsfonts 2013/01/14 v3.01 Basic AMSFonts support
\symAMSa=\mathgroup4
\symAMSb=\mathgroup5
LaTeX Font Info:    Overwriting math alphabet `\mathfrak' in version `bold'
(Font)                  U/euf/m/n --> U/euf/b/n on input line 106.
))
(/home/zero/texmf/tex/latex/jknappen/mathrsfs.sty
Package: mathrsfs 1996/01/01 Math RSFS package v1.0 (jk)
\symrsfs=\mathgroup6
)
(/usr/share/texlive/texmf-dist/tex/latex/tools/verbatim.sty
Package: verbatim 2014/10/28 v1.5q LaTeX2e package for verbatim enhancements
\every@verbatim=\toks27
\verbatim@line=\toks28
\verbatim@in@stream=\read1
)
(/home/zero/texmf/tex/latex/url/url.sty
\Urlmuskip=\muskip11
Package: url 2006/04/12  ver 3.3  Verb mode for urls, etc.
)
(/home/zero/texmf/tex/latex/bezos/accents.sty
Package: accents 2006/05/12 v1.3 Math Accent Tools
\cc@skew=\dimen131
\cc@wd=\dimen132
\cc@code=\count111
\cc@group=\count112
\cc@skewchar=\count113
)
(/home/zero/texmf/tex/latex/bezos/tensind.sty
Package: tensind 1998/05/01 v1.0 Tensorial Indexes
\tsi@dimen=\dimen133
\primes=\dimen134
)
(/home/zero/texmf/tex/latex/SIunits/SIunits.sty
Package: SIunits 2002/08/01 v1.33 Support for the International System of units
 (MH)


\@qskwidth=\skip51
\symgreek=\mathgroup7
(/home/zero/texmf/tex/latex/SIunits/SIunits.cfg)
Option `squaren' provided!
Option `Gray' provided!
Option `noams' provided!
) (/home/zero/texmf/tex/latex/cancel/cancel.sty
Package: cancel 2013/04/12 v2.2 Cancel math terms
)
(/home/zero/texmf/tex/latex/ulem/ulem.sty
\UL@box=\box54
\UL@hyphenbox=\box55
\UL@skip=\skip52
\UL@hook=\toks29
\UL@height=\dimen135
\UL@pe=\count114
\UL@pixel=\dimen136
\ULC@box=\box56
Package: ulem 2012/05/18
\ULdepth=\dimen137
))
(/usr/share/texlive/texmf-dist/tex/latex/oberdiek/grffile.sty
Package: grffile 2017/06/30 v1.18 Extended file name support for graphics (HO)

(/usr/share/texlive/texmf-dist/tex/latex/oberdiek/kvoptions.sty
Package: kvoptions 2016/05/16 v3.12 Key value format for package options (HO)

(/usr/share/texlive/texmf-dist/tex/generic/oberdiek/ltxcmds.sty
Package: ltxcmds 2016/05/16 v1.23 LaTeX kernel commands for general use (HO)
)
(/usr/share/texlive/texmf-dist/tex/generic/oberdiek/kvsetkeys.sty
Package: kvsetkeys 2016/05/16 v1.17 Key value parser (HO)

(/usr/share/texlive/texmf-dist/tex/generic/oberdiek/infwarerr.sty
Package: infwarerr 2016/05/16 v1.4 Providing info/warning/error messages (HO)
)
(/usr/share/texlive/texmf-dist/tex/generic/oberdiek/etexcmds.sty
Package: etexcmds 2016/05/16 v1.6 Avoid name clashes with e-TeX commands (HO)

(/usr/share/texlive/texmf-dist/tex/generic/oberdiek/ifluatex.sty
Package: ifluatex 2016/05/16 v1.4 Provides the ifluatex switch (HO)
Package ifluatex Info: LuaTeX not detected.
)
Package etexcmds Info: Could not find \expanded.
(etexcmds)             That can mean that you are not using pdfTeX 1.50 or
(etexcmds)             that some package has redefined \expanded.
(etexcmds)             In the latter case, load this package earlier.
)))
(/usr/share/texlive/texmf-dist/tex/generic/oberdiek/pdftexcmds.sty
Package: pdftexcmds 2018/01/21 v0.26 Utility functions of pdfTeX for LuaTeX (HO
)
Package pdftexcmds Info: LuaTeX not detected.
Package pdftexcmds Info: \pdf@primitive is available.
Package pdftexcmds Info: \pdf@ifprimitive is available.
Package pdftexcmds Info: \pdfdraftmode found.
)
Package grffile Info: Option `multidot' is set to `true'.
Package grffile Info: Option `extendedchars' is set to `false'.
Package grffile Info: Option `space' is set to `true'.
Package grffile Info: \Gin@ii of package `graphicx' fixed on input line 494.
)
(./Solution_IO.aux)
\openout1 = `Solution_IO.aux'.

LaTeX Font Info:    Checking defaults for OML/cmm/m/it on input line 16.
LaTeX Font Info:    ... okay on input line 16.
LaTeX Font Info:    Checking defaults for T1/cmr/m/n on input line 16.
LaTeX Font Info:    ... okay on input line 16.
LaTeX Font Info:    Checking defaults for OT1/cmr/m/n on input line 16.
LaTeX Font Info:    ... okay on input line 16.
LaTeX Font Info:    Checking defaults for OMS/cmsy/m/n on input line 16.
LaTeX Font Info:    ... okay on input line 16.
LaTeX Font Info:    Checking defaults for OMX/cmex/m/n on input line 16.
LaTeX Font Info:    ... okay on input line 16.
LaTeX Font Info:    Checking defaults for U/cmr/m/n on input line 16.
LaTeX Font Info:    ... okay on input line 16.
LaTeX Font Info:    Checking defaults for TS1/cmr/m/n on input line 16.
LaTeX Font Info:    Try loading font information for TS1+cmr on input line 16.
 (/usr/share/texlive/texmf-dist/tex/latex/base/ts1cmr.fd
File: ts1cmr.fd 2014/09/29 v2.5h Standard LaTeX font definitions
)
LaTeX Font Info:    ... okay on input line 16.

*geometry* detected driver: pdftex
*geometry* verbose mode - [ preamble ] result:
* driver: pdftex
* paper: <default>
* layout: <same size as paper>
* layoutoffset:(h,v)=(0.0pt,0.0pt)
* modes: includefoot 
* h-part:(L,W,R)=(54.2025pt, 505.89pt, 54.2025pt)
* v-part:(T,H,B)=(54.2025pt, 704.63249pt, 36.135pt)
* \paperwidth=614.295pt
* \paperheight=794.96999pt
* \textwidth=505.89pt
* \textheight=668.4975pt
* \oddsidemargin=-18.06749pt
* \evensidemargin=-18.06749pt
* \topmargin=-55.06749pt
* \headheight=12.0pt
* \headsep=25.0pt
* \topskip=10.0pt
* \footskip=36.135pt
* \marginparwidth=65.0pt
* \marginparsep=11.0pt
* \columnsep=10.0pt
* \skip\footins=9.0pt plus 4.0pt minus 2.0pt
* \hoffset=0.0pt
* \voffset=0.0pt
* \mag=1000
* \@twocolumnfalse
* \@twosidefalse
* \@mparswitchfalse
* \@reversemarginfalse
* (1in=72.27pt=25.4mm, 1cm=28.453pt)

(/usr/share/texlive/texmf-dist/tex/context/base/mkii/supp-pdf.mkii
[Loading MPS to PDF converter (version 2006.09.02).]
\scratchcounter=\count115
\scratchdimen=\dimen138
\scratchbox=\box57
\nofMPsegments=\count116
\nofMParguments=\count117
\everyMPshowfont=\toks30
\MPscratchCnt=\count118
\MPscratchDim=\dimen139
\MPnumerator=\count119
\makeMPintoPDFobject=\count120
\everyMPtoPDFconversion=\toks31
) (/usr/share/texlive/texmf-dist/tex/latex/oberdiek/epstopdf-base.sty
Package: epstopdf-base 2016/05/15 v2.6 Base part for package epstopdf

(/usr/share/texlive/texmf-dist/tex/latex/oberdiek/grfext.sty
Package: grfext 2016/05/16 v1.2 Manage graphics extensions (HO)

(/usr/share/texlive/texmf-dist/tex/generic/oberdiek/kvdefinekeys.sty
Package: kvdefinekeys 2016/05/16 v1.4 Define keys (HO)
))
Package epstopdf-base Info: Redefining graphics rule for `.eps' on input line 4
38.
Package grfext Info: Graphics extension search list:
(grfext)             [.pdf,.png,.jpg,.mps,.jpeg,.jbig2,.jb2,.PDF,.PNG,.JPG,.JPE
G,.JBIG2,.JB2,.eps]
(grfext)             \AppendGraphicsExtensions on input line 456.

(/usr/share/texlive/texmf-dist/tex/latex/latexconfig/epstopdf-sys.cfg
File: epstopdf-sys.cfg 2010/07/13 v1.3 Configuration of (r)epstopdf for TeX Liv
e
))
Option `squaren' provided! 
 Command \squaren defined by SIunits package!

Option `Gray' provided! 
 Command \Gray defined by SIunits package!

LaTeX Font Info:    Try loading font information for U+msa on input line 23.
(/usr/share/texlive/texmf-dist/tex/latex/amsfonts/umsa.fd
File: umsa.fd 2013/01/14 v3.01 AMS symbols A
)
LaTeX Font Info:    Try loading font information for U+msb on input line 23.

(/usr/share/texlive/texmf-dist/tex/latex/amsfonts/umsb.fd
File: umsb.fd 2013/01/14 v3.01 AMS symbols B
)
LaTeX Font Info:    Try loading font information for U+rsfs on input line 23.

(/home/zero/texmf/tex/latex/jknappen/ursfs.fd
File: ursfs.fd 1998/03/24 rsfs font definition file (jk)
)
<Input/Graph_1.gv.png, id=1, 187.70125pt x 491.8375pt>
File: Input/Graph_1.gv.png Graphic file (type png)
<use Input/Graph_1.gv.png>
Package pdftex.def Info: Input/Graph_1.gv.png  used on input line 27.
(pdftex.def)             Requested size: 20.0pt x 52.40619pt.
File: Input/Graph_1.gv.png Graphic file (type png)
<use Input/Graph_1.gv.png>
Package pdftex.def Info: Input/Graph_1.gv.png  used on input line 35.
(pdftex.def)             Requested size: 20.0pt x 52.40619pt.
<Input/Graph_2a.gv.png, id=3, 187.70125pt x 491.8375pt>
File: Input/Graph_2a.gv.png Graphic file (type png)
<use Input/Graph_2a.gv.png>
Package pdftex.def Info: Input/Graph_2a.gv.png  used on input line 46.
(pdftex.def)             Requested size: 20.0pt x 52.40619pt.
<Input/Graph_2b.gv.png, id=4, 399.4925pt x 491.8375pt>
File: Input/Graph_2b.gv.png Graphic file (type png)
<use Input/Graph_2b.gv.png>
Package pdftex.def Info: Input/Graph_2b.gv.png  used on input line 50.
(pdftex.def)             Requested size: 40.0pt x 49.23915pt.
<Input/Graph_3a.gv.png, id=5, 283.0575pt x 1100.11pt>
File: Input/Graph_3a.gv.png Graphic file (type png)
<use Input/Graph_3a.gv.png>
Package pdftex.def Info: Input/Graph_3a.gv.png  used on input line 65.
(pdftex.def)             Requested size: 30.0pt x 116.58089pt.
<Input/Graph_3b.gv.png, id=6, 393.47pt x 1100.11pt>
File: Input/Graph_3b.gv.png Graphic file (type png)
<use Input/Graph_3b.gv.png>
Package pdftex.def Info: Input/Graph_3b.gv.png  used on input line 69.
(pdftex.def)             Requested size: 40.0pt x 111.83037pt.
<Input/Graph_3c.gv.png, id=7, 488.82625pt x 748.7975pt>
File: Input/Graph_3c.gv.png Graphic file (type png)
<use Input/Graph_3c.gv.png>
Package pdftex.def Info: Input/Graph_3c.gv.png  used on input line 73.
(pdftex.def)             Requested size: 50.0pt x 76.58656pt.
 [1



{/var/lib/texmf/fonts/map/pdftex/updmap/pdftex.map} <./Input/Graph_1.gv.png> <.
/Input/Graph_2a.gv.png> <./Input/Graph_2b.gv.png> <./Input/Graph_3a.gv.png> <./
Input/Graph_3b.gv.png> <./Input/Graph_3c.gv.png>]
<Input/Graph_4a.gv.png, id=21, 877.2775pt x 795.97375pt>
File: Input/Graph_4a.gv.png Graphic file (type png)
<use Input/Graph_4a.gv.png>
Package pdftex.def Info: Input/Graph_4a.gv.png  used on input line 88.
(pdftex.def)             Requested size: 90.0pt x 81.65463pt.
<Input/Graph_4b.gv.png, id=22, 905.3825pt x 1709.38625pt>
File: Input/Graph_4b.gv.png Graphic file (type png)
<use Input/Graph_4b.gv.png>
Package pdftex.def Info: Input/Graph_4b.gv.png  used on input line 92.
(pdftex.def)             Requested size: 90.0pt x 169.9053pt.
<Output/Graph_4_soln.gv.png, id=23, 583.17876pt x 1709.38625pt>
File: Output/Graph_4_soln.gv.png Graphic file (type png)
<use Output/Graph_4_soln.gv.png>
Package pdftex.def Info: Output/Graph_4_soln.gv.png  used on input line 100.
(pdftex.def)             Requested size: 60.0pt x 175.85226pt.
 [2 <./Input/Graph_4a.gv.png> <./Input/Graph_4b.gv.png> <./Output/Graph_4_soln.
gv.png>]
<Input/Graph_5a.gv.png, id=30, 513.92pt x 1100.11pt>
File: Input/Graph_5a.gv.png Graphic file (type png)
<use Input/Graph_5a.gv.png>
Package pdftex.def Info: Input/Graph_5a.gv.png  used on input line 113.
(pdftex.def)             Requested size: 55.0pt x 117.72235pt.
<Input/Graph_5b.gv.png, id=31, 702.625pt x 1709.38625pt>
File: Input/Graph_5b.gv.png Graphic file (type png)
<use Input/Graph_5b.gv.png>
Package pdftex.def Info: Input/Graph_5b.gv.png  used on input line 117.
(pdftex.def)             Requested size: 75.0pt x 182.45128pt.
 [3 <./Input/Graph_5a.gv.png> <./Input/Graph_5b.gv.png>]
<Input/Graph_6a.gv.png, id=37, 898.35625pt x 795.97375pt>
File: Input/Graph_6a.gv.png Graphic file (type png)
<use Input/Graph_6a.gv.png>
Package pdftex.def Info: Input/Graph_6a.gv.png  used on input line 134.
(pdftex.def)             Requested size: 100.0pt x 88.6019pt.
<Input/Graph_6b.gv.png, id=38, 779.91376pt x 1709.38625pt>
File: Input/Graph_6b.gv.png Graphic file (type png)
<use Input/Graph_6b.gv.png>
Package pdftex.def Info: Input/Graph_6b.gv.png  used on input line 138.
(pdftex.def)             Requested size: 80.0pt x 175.3306pt.
<Output/Graph_6_soln.gv.png, id=39, 741.77126pt x 1709.38625pt>
File: Output/Graph_6_soln.gv.png Graphic file (type png)
<use Output/Graph_6_soln.gv.png>
Package pdftex.def Info: Output/Graph_6_soln.gv.png  used on input line 146.
(pdftex.def)             Requested size: 80.0pt x 184.35535pt.
 [4 <./Input/Graph_6a.gv.png> <./Input/Graph_6b.gv.png> <./Output/Graph_6_soln.
gv.png>]
<Input/Graph_7a.gv.png, id=46, 877.2775pt x 795.97375pt>
File: Input/Graph_7a.gv.png Graphic file (type png)
<use Input/Graph_7a.gv.png>
Package pdftex.def Info: Input/Graph_7a.gv.png  used on input line 159.
(pdftex.def)             Requested size: 90.0pt x 81.65463pt.
<Input/Graph_7b.gv.png, id=47, 423.5825pt x 1709.38625pt>
File: Input/Graph_7b.gv.png Graphic file (type png)
<use Input/Graph_7b.gv.png>
Package pdftex.def Info: Input/Graph_7b.gv.png  used on input line 163.
(pdftex.def)             Requested size: 40.0pt x 161.40222pt.
<Output/Graph_7_soln.gv.png, id=48, 583.17876pt x 1709.38625pt>
File: Output/Graph_7_soln.gv.png Graphic file (type png)
<use Output/Graph_7_soln.gv.png>
Package pdftex.def Info: Output/Graph_7_soln.gv.png  used on input line 171.
(pdftex.def)             Requested size: 60.0pt x 175.85226pt.
 [5 <./Input/Graph_7a.gv.png> <./Input/Graph_7b.gv.png> <./Output/Graph_7_soln.
gv.png>]
<Input/Graph_8a.gv.png, id=55, 417.56pt x 795.97375pt>
File: Input/Graph_8a.gv.png Graphic file (type png)
<use Input/Graph_8a.gv.png>
Package pdftex.def Info: Input/Graph_8a.gv.png  used on input line 184.
(pdftex.def)             Requested size: 45.0pt x 85.77197pt.
<Input/Graph_8b.gv.png, id=56, 356.33125pt x 1709.38625pt>
File: Input/Graph_8b.gv.png Graphic file (type png)
<use Input/Graph_8b.gv.png>
Package pdftex.def Info: Input/Graph_8b.gv.png  used on input line 188.
(pdftex.def)             Requested size: 35.0pt x 167.89691pt.
<Output/Graph_8_soln.gv.png, id=57, 356.33125pt x 1709.38625pt>
File: Output/Graph_8_soln.gv.png Graphic file (type png)
<use Output/Graph_8_soln.gv.png>
Package pdftex.def Info: Output/Graph_8_soln.gv.png  used on input line 196.
(pdftex.def)             Requested size: 35.0pt x 167.89691pt.
 [6 <./Input/Graph_8a.gv.png> <./Input/Graph_8b.gv.png> <./Output/Graph_8_soln.
gv.png>]
<Input/Graph_9.gv.png, id=64, 609.27625pt x 1404.24625pt>
File: Input/Graph_9.gv.png Graphic file (type png)
<use Input/Graph_9.gv.png>
Package pdftex.def Info: Input/Graph_9.gv.png  used on input line 209.
(pdftex.def)             Requested size: 65.0pt x 149.79646pt.
<Output/Graph_9_soln.gv.png, id=65, 430.60875pt x 2621.795pt>
File: Output/Graph_9_soln.gv.png Graphic file (type png)
<use Output/Graph_9_soln.gv.png>
Package pdftex.def Info: Output/Graph_9_soln.gv.png  used on input line 217.
(pdftex.def)             Requested size: 45.0pt x 273.95642pt.
 [7 <./Input/Graph_9.gv.png> <./Output/Graph_9_soln.gv.png>] (./Solution_IO.aux
) ) 
Here is how much of TeX's memory you used:
 4172 strings out of 494923
 55765 string characters out of 6180753
 123677 words of memory out of 5000000
 7396 multiletter control sequences out of 15000+600000
 7860 words of font info for 33 fonts, out of 8000000 for 9000
 14 hyphenation exceptions out of 8191
 36i,6n,33p,474b,253s stack positions out of 5000i,500n,10000p,200000b,80000s
</usr/share/texlive/texmf-dist/fonts/type1/public/amsfonts/cm/cmbx12.pfb></u
sr/share/texlive/texmf-dist/fonts/type1/public/amsfonts/cm/cmr10.pfb></usr/shar
e/texlive/texmf-dist/fonts/type1/public/amsfonts/cm/cmr12.pfb></usr/share/texli
ve/texmf-dist/fonts/type1/public/amsfonts/cm/cmsy10.pfb></usr/share/texlive/tex
mf-dist/fonts/type1/public/amsfonts/cm/cmtt10.pfb>
Output written on Solution_IO.pdf (7 pages, 1280460 bytes).
PDF statistics:
 87 PDF objects out of 1000 (max. 8388607)
 0 named destinations out of 1000 (max. 500000)
 111 words of extra memory for PDF output out of 10000 (max. 10000000)

